clingo version 4.5.0
Reading from Bayes.asp ...
Solving...
Answer: 1
node(31) node(30) node(29) node(28) node(27) node(26) node(25) node(24) node(23) node(22) node(21) node(20) node(19) node(18) node(17) node(16) node(15) node(14) node(13) node(12) node(11) node(10) node(9) node(8) node(7) node(6) node(5) node(4) node(3) node(2) node(1) node(0) edge(31,28) edge(31,19) edge(30,3) edge(29,12) edge(28,0) edge(27,10) edge(27,13) edge(26,14) edge(26,22) edge(22,3) edge(20,3) edge(20,26) edge(19,14) edge(18,4) edge(13,11) edge(12,11) edge(11,30) edge(10,11) edge(9,11) edge(7,31) edge(4,19) edge(4,22) edge(2,11) edge(1,18) edge(1,4) edge(0,11)
Optimization: 10975739
Answer: 2
node(31) node(30) node(29) node(28) node(27) node(26) node(25) node(24) node(23) node(22) node(21) node(20) node(19) node(18) node(17) node(16) node(15) node(14) node(13) node(12) node(11) node(10) node(9) node(8) node(7) node(6) node(5) node(4) node(3) node(2) node(1) node(0) edge(31,28) edge(31,19) edge(30,29) edge(29,7) edge(29,11) edge(28,0) edge(27,0) edge(27,9) edge(26,14) edge(26,3) edge(22,4) edge(20,3) edge(19,4) edge(18,31) edge(18,28) edge(18,26) edge(14,1) edge(14,19) edge(13,0) edge(12,31) edge(12,30) edge(10,11) edge(9,11) edge(7,19) edge(7,28) edge(4,3) edge(2,11) edge(1,31) edge(1,28) edge(0,11)
Optimization: 10974296
Answer: 3
node(31) node(30) node(29) node(28) node(27) node(26) node(25) node(24) node(23) node(22) node(21) node(20) node(19) node(18) node(17) node(16) node(15) node(14) node(13) node(12) node(11) node(10) node(9) node(8) node(7) node(6) node(5) node(4) node(3) node(2) node(1) node(0) edge(31,28) edge(31,19) edge(30,29) edge(29,7) edge(29,11) edge(28,0) edge(27,0) edge(27,9) edge(26,14) edge(26,3) edge(22,4) edge(20,3) edge(19,26) edge(18,31) edge(18,28) edge(18,26) edge(14,20) edge(13,0) edge(12,28) edge(10,11) edge(9,11) edge(7,19) edge(7,28) edge(4,3) edge(2,11) edge(1,14) edge(1,31) edge(1,28) edge(0,11)
Optimization: 10973542
Answer: 4
node(31) node(30) node(29) node(28) node(27) node(26) node(25) node(24) node(23) node(22) node(21) node(20) node(19) node(18) node(17) node(16) node(15) node(14) node(13) node(12) node(11) node(10) node(9) node(8) node(7) node(6) node(5) node(4) node(3) node(2) node(1) node(0) edge(31,28) edge(31,19) edge(30,29) edge(29,11) edge(28,0) edge(27,0) edge(27,9) edge(26,14) edge(26,3) edge(22,4) edge(20,3) edge(19,26) edge(18,31) edge(18,28) edge(18,26) edge(14,20) edge(13,0) edge(12,28) edge(12,30) edge(10,11) edge(9,11) edge(7,19) edge(7,28) edge(4,3) edge(2,11) edge(1,14) edge(1,7) edge(1,31) edge(0,11)
Optimization: 10965204
Answer: 5
node(31) node(30) node(29) node(28) node(27) node(26) node(25) node(24) node(23) node(22) node(21) node(20) node(19) node(18) node(17) node(16) node(15) node(14) node(13) node(12) node(11) node(10) node(9) node(8) node(7) node(6) node(5) node(4) node(3) node(2) node(1) node(0) edge(31,28) edge(31,19) edge(30,29) edge(29,7) edge(29,11) edge(28,0) edge(27,0) edge(27,9) edge(26,14) edge(26,3) edge(22,4) edge(20,3) edge(19,26) edge(18,31) edge(18,28) edge(18,26) edge(14,20) edge(13,0) edge(12,28) edge(12,30) edge(10,11) edge(9,11) edge(7,19) edge(7,28) edge(4,3) edge(2,11) edge(1,14) edge(1,7) edge(1,31) edge(0,11)
Optimization: 10959028
Answer: 6
node(31) node(30) node(29) node(28) node(27) node(26) node(25) node(24) node(23) node(22) node(21) node(20) node(19) node(18) node(17) node(16) node(15) node(14) node(13) node(12) node(11) node(10) node(9) node(8) node(7) node(6) node(5) node(4) node(3) node(2) node(1) node(0) edge(31,28) edge(31,19) edge(30,29) edge(29,7) edge(29,11) edge(28,12) edge(28,11) edge(28,18) edge(27,0) edge(27,9) edge(26,14) edge(26,22) edge(26,19) edge(22,4) edge(20,3) edge(20,26) edge(19,4) edge(18,26) edge(14,1) edge(14,19) edge(13,0) edge(12,13) edge(10,11) edge(9,11) edge(7,19) edge(7,28) edge(4,1) edge(3,14) edge(3,26) edge(2,11) edge(1,0) edge(0,11)
Optimization: 10957597
Answer: 7
node(31) node(30) node(29) node(28) node(27) node(26) node(25) node(24) node(23) node(22) node(21) node(20) node(19) node(18) node(17) node(16) node(15) node(14) node(13) node(12) node(11) node(10) node(9) node(8) node(7) node(6) node(5) node(4) node(3) node(2) node(1) node(0) edge(31,28) edge(31,19) edge(30,29) edge(29,7) edge(29,11) edge(28,12) edge(28,11) edge(28,18) edge(27,0) edge(27,9) edge(26,14) edge(26,22) edge(26,19) edge(22,4) edge(20,3) edge(20,14) edge(19,4) edge(18,26) edge(14,1) edge(14,19) edge(13,0) edge(12,13) edge(10,11) edge(9,11) edge(7,19) edge(7,28) edge(4,1) edge(3,14) edge(3,26) edge(2,11) edge(1,0) edge(0,11)
Optimization: 10956716
Answer: 8
node(31) node(30) node(29) node(28) node(27) node(26) node(25) node(24) node(23) node(22) node(21) node(20) node(19) node(18) node(17) node(16) node(15) node(14) node(13) node(12) node(11) node(10) node(9) node(8) node(7) node(6) node(5) node(4) node(3) node(2) node(1) node(0) edge(31,28) edge(31,19) edge(30,29) edge(29,7) edge(29,11) edge(28,10) edge(27,0) edge(27,9) edge(26,22) edge(22,4) edge(20,3) edge(20,14) edge(19,26) edge(18,31) edge(18,28) edge(18,26) edge(14,1) edge(14,19) edge(13,0) edge(12,31) edge(12,30) edge(10,11) edge(9,11) edge(7,19) edge(7,28) edge(3,14) edge(3,26) edge(2,11) edge(1,7) edge(1,31) edge(1,28) edge(0,30)
Optimization: 10956711
Answer: 9
node(31) node(30) node(29) node(28) node(27) node(26) node(25) node(24) node(23) node(22) node(21) node(20) node(19) node(18) node(17) node(16) node(15) node(14) node(13) node(12) node(11) node(10) node(9) node(8) node(7) node(6) node(5) node(4) node(3) node(2) node(1) node(0) edge(31,28) edge(31,19) edge(30,29) edge(29,7) edge(29,11) edge(28,12) edge(28,11) edge(28,18) edge(27,0) edge(27,9) edge(22,4) edge(20,3) edge(20,14) edge(19,26) edge(18,26) edge(14,1) edge(14,19) edge(13,0) edge(12,13) edge(10,11) edge(9,11) edge(7,19) edge(7,28) edge(4,3) edge(3,14) edge(3,26) edge(2,11) edge(1,31) edge(1,28) edge(0,11)
Optimization: 10953864
Answer: 10
node(31) node(30) node(29) node(28) node(27) node(26) node(25) node(24) node(23) node(22) node(21) node(20) node(19) node(18) node(17) node(16) node(15) node(14) node(13) node(12) node(11) node(10) node(9) node(8) node(7) node(6) node(5) node(4) node(3) node(2) node(1) node(0) edge(31,28) edge(31,19) edge(30,29) edge(29,7) edge(29,11) edge(28,12) edge(28,11) edge(28,18) edge(27,0) edge(27,9) edge(26,22) edge(22,4) edge(20,3) edge(20,14) edge(19,26) edge(18,26) edge(14,1) edge(14,19) edge(13,0) edge(12,13) edge(10,11) edge(9,11) edge(7,19) edge(7,28) edge(3,14) edge(3,26) edge(2,11) edge(1,31) edge(1,28) edge(0,11)
Optimization: 10953085
Answer: 11
node(31) node(30) node(29) node(28) node(27) node(26) node(25) node(24) node(23) node(22) node(21) node(20) node(19) node(18) node(17) node(16) node(15) node(14) node(13) node(12) node(11) node(10) node(9) node(8) node(7) node(6) node(5) node(4) node(3) node(2) node(1) node(0) edge(31,28) edge(31,19) edge(30,29) edge(29,11) edge(28,12) edge(28,11) edge(28,18) edge(27,0) edge(27,9) edge(22,4) edge(20,3) edge(20,14) edge(19,26) edge(18,0) edge(14,1) edge(14,19) edge(13,0) edge(12,30) edge(10,11) edge(9,11) edge(7,19) edge(7,28) edge(4,3) edge(3,14) edge(3,26) edge(2,11) edge(1,7) edge(1,28) edge(0,11)
Optimization: 10952850
Answer: 12
node(31) node(30) node(29) node(28) node(27) node(26) node(25) node(24) node(23) node(22) node(21) node(20) node(19) node(18) node(17) node(16) node(15) node(14) node(13) node(12) node(11) node(10) node(9) node(8) node(7) node(6) node(5) node(4) node(3) node(2) node(1) node(0) edge(31,28) edge(31,19) edge(30,29) edge(29,11) edge(28,12) edge(28,11) edge(28,18) edge(27,0) edge(27,9) edge(22,4) edge(20,3) edge(20,14) edge(19,26) edge(18,26) edge(14,1) edge(14,19) edge(13,0) edge(12,30) edge(10,11) edge(9,11) edge(7,19) edge(7,28) edge(4,1) edge(3,14) edge(3,4) edge(2,11) edge(1,7) edge(1,28) edge(0,11)
Optimization: 10952195
Answer: 13
node(31) node(30) node(29) node(28) node(27) node(26) node(25) node(24) node(23) node(22) node(21) node(20) node(19) node(18) node(17) node(16) node(15) node(14) node(13) node(12) node(11) node(10) node(9) node(8) node(7) node(6) node(5) node(4) node(3) node(2) node(1) node(0) edge(31,28) edge(31,19) edge(30,29) edge(29,11) edge(28,12) edge(28,11) edge(28,18) edge(27,0) edge(27,9) edge(22,4) edge(20,3) edge(20,14) edge(19,26) edge(18,26) edge(14,1) edge(14,19) edge(13,0) edge(12,30) edge(10,11) edge(9,11) edge(7,19) edge(7,28) edge(4,19) edge(3,14) edge(3,4) edge(2,11) edge(1,7) edge(1,28) edge(0,11)
Optimization: 10952174
Answer: 14
node(31) node(30) node(29) node(28) node(27) node(26) node(25) node(24) node(23) node(22) node(21) node(20) node(19) node(18) node(17) node(16) node(15) node(14) node(13) node(12) node(11) node(10) node(9) node(8) node(7) node(6) node(5) node(4) node(3) node(2) node(1) node(0) edge(31,28) edge(31,19) edge(30,29) edge(29,11) edge(28,12) edge(28,11) edge(28,18) edge(27,0) edge(27,9) edge(22,30) edge(20,3) edge(20,14) edge(19,26) edge(18,26) edge(14,1) edge(14,19) edge(13,0) edge(12,30) edge(10,11) edge(9,11) edge(7,19) edge(7,28) edge(4,1) edge(4,22) edge(3,14) edge(3,26) edge(2,11) edge(1,7) edge(1,28) edge(0,11)
Optimization: 10950853
Answer: 15
node(31) node(30) node(29) node(28) node(27) node(26) node(25) node(24) node(23) node(22) node(21) node(20) node(19) node(18) node(17) node(16) node(15) node(14) node(13) node(12) node(11) node(10) node(9) node(8) node(7) node(6) node(5) node(4) node(3) node(2) node(1) node(0) edge(31,28) edge(31,19) edge(30,29) edge(29,7) edge(29,11) edge(28,12) edge(28,11) edge(28,18) edge(27,0) edge(27,9) edge(26,22) edge(26,3) edge(22,13) edge(20,3) edge(20,14) edge(19,26) edge(18,26) edge(14,1) edge(14,19) edge(13,0) edge(12,13) edge(10,11) edge(9,11) edge(7,19) edge(7,28) edge(4,22) edge(3,4) edge(2,11) edge(1,7) edge(1,31) edge(1,28) edge(0,11)
Optimization: 10950682
Answer: 16
node(31) node(30) node(29) node(28) node(27) node(26) node(25) node(24) node(23) node(22) node(21) node(20) node(19) node(18) node(17) node(16) node(15) node(14) node(13) node(12) node(11) node(10) node(9) node(8) node(7) node(6) node(5) node(4) node(3) node(2) node(1) node(0) edge(31,28) edge(31,19) edge(30,29) edge(29,7) edge(29,11) edge(28,12) edge(28,11) edge(28,18) edge(27,0) edge(27,9) edge(26,22) edge(26,3) edge(22,4) edge(20,3) edge(20,14) edge(19,26) edge(18,26) edge(14,1) edge(14,19) edge(13,0) edge(12,13) edge(10,11) edge(9,11) edge(7,19) edge(7,28) edge(3,4) edge(2,11) edge(1,7) edge(1,31) edge(1,28) edge(0,11)
Optimization: 10945247
Answer: 17
node(31) node(30) node(29) node(28) node(27) node(26) node(25) node(24) node(23) node(22) node(21) node(20) node(19) node(18) node(17) node(16) node(15) node(14) node(13) node(12) node(11) node(10) node(9) node(8) node(7) node(6) node(5) node(4) node(3) node(2) node(1) node(0) edge(31,28) edge(31,19) edge(30,29) edge(29,7) edge(29,11) edge(28,10) edge(27,0) edge(27,9) edge(26,14) edge(26,22) edge(26,19) edge(22,13) edge(20,3) edge(20,14) edge(19,14) edge(18,31) edge(18,28) edge(14,22) edge(13,0) edge(12,31) edge(12,30) edge(10,11) edge(9,11) edge(7,19) edge(7,28) edge(4,3) edge(3,14) edge(3,26) edge(2,11) edge(1,14) edge(1,7) edge(1,31) edge(0,11)
Optimization: 10942397
Answer: 18
node(31) node(30) node(29) node(28) node(27) node(26) node(25) node(24) node(23) node(22) node(21) node(20) node(19) node(18) node(17) node(16) node(15) node(14) node(13) node(12) node(11) node(10) node(9) node(8) node(7) node(6) node(5) node(4) node(3) node(2) node(1) node(0) edge(31,28) edge(31,19) edge(30,29) edge(29,7) edge(29,11) edge(28,10) edge(27,0) edge(27,9) edge(26,14) edge(26,22) edge(26,19) edge(22,14) edge(20,3) edge(20,14) edge(19,14) edge(18,31) edge(18,28) edge(13,0) edge(12,31) edge(12,30) edge(10,11) edge(9,11) edge(7,19) edge(7,28) edge(4,3) edge(3,14) edge(3,26) edge(2,11) edge(1,14) edge(1,7) edge(1,31) edge(0,11)
Optimization: 10942062
Answer: 19
node(31) node(30) node(29) node(28) node(27) node(26) node(25) node(24) node(23) node(22) node(21) node(20) node(19) node(18) node(17) node(16) node(15) node(14) node(13) node(12) node(11) node(10) node(9) node(8) node(7) node(6) node(5) node(4) node(3) node(2) node(1) node(0) edge(31,28) edge(31,19) edge(30,29) edge(29,7) edge(29,11) edge(28,10) edge(27,0) edge(27,9) edge(26,14) edge(26,22) edge(26,19) edge(22,30) edge(20,3) edge(20,14) edge(19,0) edge(18,31) edge(18,28) edge(14,19) edge(13,0) edge(12,31) edge(12,30) edge(10,11) edge(9,11) edge(7,19) edge(7,28) edge(4,3) edge(3,14) edge(3,26) edge(2,11) edge(1,14) edge(1,7) edge(1,31) edge(0,11)
Optimization: 10941753
Answer: 20
node(31) node(30) node(29) node(28) node(27) node(26) node(25) node(24) node(23) node(22) node(21) node(20) node(19) node(18) node(17) node(16) node(15) node(14) node(13) node(12) node(11) node(10) node(9) node(8) node(7) node(6) node(5) node(4) node(3) node(2) node(1) node(0) edge(31,28) edge(31,19) edge(30,29) edge(29,7) edge(29,11) edge(28,10) edge(27,0) edge(27,9) edge(26,14) edge(26,22) edge(26,19) edge(22,30) edge(20,3) edge(20,14) edge(19,14) edge(18,31) edge(18,28) edge(13,0) edge(12,31) edge(12,30) edge(10,11) edge(9,11) edge(7,19) edge(7,28) edge(4,3) edge(3,14) edge(3,26) edge(2,11) edge(1,14) edge(1,7) edge(1,31) edge(0,11)
Optimization: 10941341
Answer: 21
node(31) node(30) node(29) node(28) node(27) node(26) node(25) node(24) node(23) node(22) node(21) node(20) node(19) node(18) node(17) node(16) node(15) node(14) node(13) node(12) node(11) node(10) node(9) node(8) node(7) node(6) node(5) node(4) node(3) node(2) node(1) node(0) edge(31,28) edge(31,19) edge(30,29) edge(29,7) edge(29,11) edge(28,10) edge(27,0) edge(27,9) edge(26,14) edge(26,22) edge(26,19) edge(22,4) edge(20,3) edge(20,14) edge(19,4) edge(18,31) edge(18,28) edge(13,0) edge(12,31) edge(12,30) edge(10,11) edge(9,11) edge(7,19) edge(7,28) edge(4,3) edge(3,14) edge(2,11) edge(1,14) edge(1,7) edge(1,31) edge(0,11)
Optimization: 10938845
Answer: 22
node(31) node(30) node(29) node(28) node(27) node(26) node(25) node(24) node(23) node(22) node(21) node(20) node(19) node(18) node(17) node(16) node(15) node(14) node(13) node(12) node(11) node(10) node(9) node(8) node(7) node(6) node(5) node(4) node(3) node(2) node(1) node(0) edge(31,28) edge(31,19) edge(30,29) edge(29,7) edge(29,11) edge(28,12) edge(28,11) edge(27,0) edge(27,9) edge(26,14) edge(26,3) edge(22,4) edge(20,3) edge(20,14) edge(19,4) edge(18,31) edge(18,28) edge(18,26) edge(13,0) edge(12,13) edge(10,11) edge(9,11) edge(7,19) edge(7,28) edge(3,4) edge(2,11) edge(1,14) edge(1,7) edge(1,31) edge(0,11)
Optimization: 10938305
Answer: 23
node(31) node(30) node(29) node(28) node(27) node(26) node(25) node(24) node(23) node(22) node(21) node(20) node(19) node(18) node(17) node(16) node(15) node(14) node(13) node(12) node(11) node(10) node(9) node(8) node(7) node(6) node(5) node(4) node(3) node(2) node(1) node(0) edge(31,28) edge(31,19) edge(30,29) edge(29,7) edge(29,11) edge(28,12) edge(28,11) edge(27,0) edge(27,9) edge(26,14) edge(26,3) edge(22,4) edge(20,3) edge(20,14) edge(19,4) edge(18,31) edge(18,28) edge(18,26) edge(13,0) edge(12,13) edge(10,11) edge(9,11) edge(7,19) edge(7,28) edge(3,14) edge(3,4) edge(2,11) edge(1,14) edge(1,7) edge(1,31) edge(0,11)
Optimization: 10935910
Answer: 24
node(31) node(30) node(29) node(28) node(27) node(26) node(25) node(24) node(23) node(22) node(21) node(20) node(19) node(18) node(17) node(16) node(15) node(14) node(13) node(12) node(11) node(10) node(9) node(8) node(7) node(6) node(5) node(4) node(3) node(2) node(1) node(0) edge(31,0) edge(30,20) edge(29,28) edge(29,12) edge(28,12) edge(28,19) edge(27,0) edge(27,10) edge(27,13) edge(26,18) edge(26,14) edge(26,22) edge(22,3) edge(20,4) edge(19,4) edge(18,7) edge(18,31) edge(18,28) edge(13,11) edge(12,11) edge(12,31) edge(11,30) edge(10,13) edge(10,0) edge(9,0) edge(9,27) edge(9,10) edge(7,11) edge(7,12) edge(3,14) edge(3,20) edge(2,27) edge(2,10) edge(2,0) edge(1,18) edge(1,7) edge(1,28) edge(0,13)
Optimization: 9894148
Answer: 25
node(31) node(30) node(29) node(28) node(27) node(26) node(25) node(24) node(23) node(22) node(21) node(20) node(19) node(18) node(17) node(16) node(15) node(14) node(13) node(12) node(11) node(10) node(9) node(8) node(7) node(6) node(5) node(4) node(3) node(2) node(1) node(0) edge(31,12) edge(31,11) edge(30,12) edge(29,28) edge(29,12) edge(28,10) edge(27,10) edge(27,13) edge(27,9) edge(26,18) edge(26,14) edge(26,22) edge(22,4) edge(20,3) edge(20,14) edge(19,4) edge(18,7) edge(18,31) edge(18,28) edge(14,19) edge(13,10) edge(13,2) edge(13,9) edge(12,28) edge(12,11) edge(11,10) edge(10,19) edge(9,10) edge(9,2) edge(7,19) edge(7,28) edge(3,14) edge(3,22) edge(2,10) edge(1,18) edge(1,7) edge(1,28) edge(0,27) edge(0,9) edge(0,10)
Optimization: 9641392
Answer: 26
node(31) node(30) node(29) node(28) node(27) node(26) node(25) node(24) node(23) node(22) node(21) node(20) node(19) node(18) node(17) node(16) node(15) node(14) node(13) node(12) node(11) node(10) node(9) node(8) node(7) node(6) node(5) node(4) node(3) node(2) node(1) node(0) edge(31,28) edge(31,18) edge(30,12) edge(29,7) edge(29,11) edge(28,29) edge(28,7) edge(28,1) edge(27,0) edge(27,10) edge(27,9) edge(26,20) edge(26,19) edge(22,3) edge(22,26) edge(20,30) edge(19,18) edge(19,7) edge(19,28) edge(18,7) edge(18,1) edge(14,1) edge(14,19) edge(13,27) edge(13,0) edge(13,9) edge(12,11) edge(12,31) edge(11,0) edge(10,0) edge(9,0) edge(9,10) edge(7,9) edge(4,3) edge(3,14) edge(3,20) edge(2,27) edge(2,10) edge(2,9) edge(1,27)
Optimization: 9500705
Answer: 27
node(31) node(30) node(29) node(28) node(27) node(26) node(25) node(24) node(23) node(22) node(21) node(20) node(19) node(18) node(17) node(16) node(15) node(14) node(13) node(12) node(11) node(10) node(9) node(8) node(7) node(6) node(5) node(4) node(3) node(2) node(1) node(0) edge(31,28) edge(31,18) edge(30,3) edge(29,31) edge(29,12) edge(28,10) edge(27,0) edge(27,10) edge(27,9) edge(26,18) edge(26,14) edge(26,20) edge(22,3) edge(22,26) edge(20,3) edge(20,14) edge(19,18) edge(19,7) edge(19,28) edge(18,7) edge(18,1) edge(14,1) edge(14,19) edge(13,27) edge(13,0) edge(13,9) edge(12,28) edge(12,30) edge(11,30) edge(10,9) edge(9,30) edge(7,28) edge(7,1) edge(4,3) edge(2,27) edge(2,0) edge(2,9) edge(1,2) edge(0,10)
Optimization: 9457448
Answer: 28
node(31) node(30) node(29) node(28) node(27) node(26) node(25) node(24) node(23) node(22) node(21) node(20) node(19) node(18) node(17) node(16) node(15) node(14) node(13) node(12) node(11) node(10) node(9) node(8) node(7) node(6) node(5) node(4) node(3) node(2) node(1) node(0) edge(31,28) edge(31,18) edge(30,3) edge(29,28) edge(29,12) edge(28,10) edge(27,0) edge(27,10) edge(27,9) edge(26,18) edge(26,14) edge(26,20) edge(22,3) edge(22,26) edge(20,3) edge(20,14) edge(19,18) edge(19,7) edge(19,28) edge(18,7) edge(18,1) edge(14,1) edge(14,19) edge(13,27) edge(13,0) edge(13,9) edge(12,28) edge(12,30) edge(11,30) edge(10,9) edge(9,30) edge(7,28) edge(7,1) edge(4,3) edge(2,27) edge(2,0) edge(2,9) edge(1,27) edge(0,10)
Optimization: 9449698
Answer: 29
node(31) node(30) node(29) node(28) node(27) node(26) node(25) node(24) node(23) node(22) node(21) node(20) node(19) node(18) node(17) node(16) node(15) node(14) node(13) node(12) node(11) node(10) node(9) node(8) node(7) node(6) node(5) node(4) node(3) node(2) node(1) node(0) edge(31,28) edge(31,18) edge(30,3) edge(29,28) edge(29,12) edge(27,0) edge(27,10) edge(27,9) edge(26,18) edge(26,14) edge(26,20) edge(22,3) edge(22,26) edge(20,3) edge(20,14) edge(19,18) edge(19,7) edge(19,28) edge(18,7) edge(18,1) edge(14,1) edge(14,19) edge(13,27) edge(13,0) edge(13,9) edge(12,28) edge(12,30) edge(11,30) edge(10,9) edge(9,30) edge(7,28) edge(7,1) edge(3,14) edge(3,4) edge(2,27) edge(2,0) edge(2,9) edge(1,28) edge(1,4) edge(0,10)
Optimization: 9419813
Answer: 30
node(31) node(30) node(29) node(28) node(27) node(26) node(25) node(24) node(23) node(22) node(21) node(20) node(19) node(18) node(17) node(16) node(15) node(14) node(13) node(12) node(11) node(10) node(9) node(8) node(7) node(6) node(5) node(4) node(3) node(2) node(1) node(0) edge(31,28) edge(31,18) edge(30,20) edge(29,28) edge(29,12) edge(27,0) edge(27,10) edge(27,9) edge(22,3) edge(22,26) edge(20,3) edge(20,26) edge(19,18) edge(19,7) edge(19,28) edge(18,7) edge(18,1) edge(14,20) edge(13,27) edge(13,0) edge(13,9) edge(12,28) edge(12,30) edge(11,30) edge(10,9) edge(9,11) edge(7,28) edge(4,3) edge(3,26) edge(2,27) edge(2,0) edge(2,9) edge(1,14) edge(0,9)
Optimization: 9417271
Answer: 31
node(31) node(30) node(29) node(28) node(27) node(26) node(25) node(24) node(23) node(22) node(21) node(20) node(19) node(18) node(17) node(16) node(15) node(14) node(13) node(12) node(11) node(10) node(9) node(8) node(7) node(6) node(5) node(4) node(3) node(2) node(1) node(0) edge(31,28) edge(31,18) edge(30,20) edge(29,28) edge(29,12) edge(27,0) edge(27,10) edge(27,9) edge(22,3) edge(22,26) edge(20,3) edge(19,18) edge(19,7) edge(19,28) edge(18,7) edge(18,1) edge(14,22) edge(13,27) edge(13,0) edge(13,9) edge(12,28) edge(12,30) edge(11,30) edge(10,9) edge(9,11) edge(7,28) edge(4,3) edge(3,26) edge(2,27) edge(2,0) edge(2,9) edge(1,26) edge(1,7) edge(0,9)
Optimization: 9410155
Answer: 32
node(31) node(30) node(29) node(28) node(27) node(26) node(25) node(24) node(23) node(22) node(21) node(20) node(19) node(18) node(17) node(16) node(15) node(14) node(13) node(12) node(11) node(10) node(9) node(8) node(7) node(6) node(5) node(4) node(3) node(2) node(1) node(0) edge(31,28) edge(31,18) edge(30,12) edge(29,13) edge(28,29) edge(28,11) edge(28,19) edge(27,13) edge(26,18) edge(26,14) edge(26,20) edge(22,3) edge(22,26) edge(19,4) edge(18,7) edge(18,1) edge(14,20) edge(13,19) edge(12,11) edge(12,31) edge(11,10) edge(10,27) edge(10,13) edge(10,0) edge(9,0) edge(9,27) edge(9,10) edge(7,19) edge(7,28) edge(4,3) edge(3,14) edge(3,20) edge(2,27) edge(2,10) edge(2,9) edge(1,14) edge(1,19) edge(0,27) edge(0,13)
Optimization: 9355886
Answer: 33
node(31) node(30) node(29) node(28) node(27) node(26) node(25) node(24) node(23) node(22) node(21) node(20) node(19) node(18) node(17) node(16) node(15) node(14) node(13) node(12) node(11) node(10) node(9) node(8) node(7) node(6) node(5) node(4) node(3) node(2) node(1) node(0) edge(31,28) edge(31,18) edge(30,20) edge(29,30) edge(29,11) edge(28,29) edge(28,11) edge(28,19) edge(27,11) edge(26,14) edge(22,3) edge(22,26) edge(20,14) edge(19,26) edge(18,7) edge(18,1) edge(13,27) edge(12,11) edge(12,31) edge(11,30) edge(10,27) edge(10,13) edge(10,0) edge(9,0) edge(9,27) edge(9,10) edge(7,19) edge(7,28) edge(3,14) edge(3,20) edge(2,27) edge(2,10) edge(2,9) edge(1,14) edge(1,19) edge(0,27) edge(0,13)
Optimization: 9129390
Answer: 34
node(31) node(30) node(29) node(28) node(27) node(26) node(25) node(24) node(23) node(22) node(21) node(20) node(19) node(18) node(17) node(16) node(15) node(14) node(13) node(12) node(11) node(10) node(9) node(8) node(7) node(6) node(5) node(4) node(3) node(2) node(1) node(0) edge(31,28) edge(31,18) edge(30,12) edge(29,12) edge(28,29) edge(28,12) edge(28,19) edge(27,0) edge(27,10) edge(26,18) edge(26,14) edge(26,20) edge(22,3) edge(22,26) edge(20,3) edge(20,14) edge(19,4) edge(18,7) edge(18,1) edge(14,19) edge(13,10) edge(13,0) edge(12,11) edge(10,30) edge(9,0) edge(9,27) edge(9,10) edge(7,19) edge(7,28) edge(4,3) edge(3,30) edge(2,27) edge(2,10) edge(2,9) edge(1,14) edge(1,19) edge(0,10)
Optimization: 9109271
Answer: 35
node(31) node(30) node(29) node(28) node(27) node(26) node(25) node(24) node(23) node(22) node(21) node(20) node(19) node(18) node(17) node(16) node(15) node(14) node(13) node(12) node(11) node(10) node(9) node(8) node(7) node(6) node(5) node(4) node(3) node(2) node(1) node(0) edge(31,28) edge(31,18) edge(30,11) edge(29,12) edge(28,29) edge(28,12) edge(28,19) edge(27,0) edge(27,10) edge(26,18) edge(26,14) edge(26,20) edge(22,3) edge(22,26) edge(20,3) edge(20,14) edge(19,4) edge(18,7) edge(18,1) edge(14,19) edge(13,10) edge(13,2) edge(12,11) edge(10,11) edge(9,0) edge(9,27) edge(9,10) edge(7,19) edge(7,28) edge(4,3) edge(3,30) edge(2,27) edge(2,10) edge(2,9) edge(1,14) edge(1,19) edge(0,10)
Optimization: 9093801
Answer: 36
node(31) node(30) node(29) node(28) node(27) node(26) node(25) node(24) node(23) node(22) node(21) node(20) node(19) node(18) node(17) node(16) node(15) node(14) node(13) node(12) node(11) node(10) node(9) node(8) node(7) node(6) node(5) node(4) node(3) node(2) node(1) node(0) edge(31,28) edge(31,18) edge(30,12) edge(29,12) edge(28,29) edge(28,12) edge(28,19) edge(27,11) edge(26,18) edge(26,14) edge(26,20) edge(22,3) edge(22,26) edge(20,3) edge(20,14) edge(19,4) edge(18,7) edge(18,1) edge(13,27) edge(13,10) edge(13,9) edge(12,11) edge(10,27) edge(10,9) edge(9,27) edge(7,19) edge(7,28) edge(4,3) edge(3,30) edge(2,10) edge(2,0) edge(2,9) edge(1,14) edge(1,19) edge(0,27) edge(0,9) edge(0,10)
Optimization: 9049977
Answer: 37
node(31) node(30) node(29) node(28) node(27) node(26) node(25) node(24) node(23) node(22) node(21) node(20) node(19) node(18) node(17) node(16) node(15) node(14) node(13) node(12) node(11) node(10) node(9) node(8) node(7) node(6) node(5) node(4) node(3) node(2) node(1) node(0) edge(31,28) edge(31,18) edge(30,3) edge(29,12) edge(28,29) edge(28,12) edge(28,19) edge(27,11) edge(26,18) edge(26,14) edge(26,20) edge(22,3) edge(22,26) edge(20,3) edge(20,14) edge(19,4) edge(18,7) edge(18,1) edge(13,27) edge(13,10) edge(13,9) edge(12,11) edge(11,30) edge(10,27) edge(10,9) edge(9,27) edge(7,19) edge(7,28) edge(3,14) edge(3,4) edge(2,10) edge(2,0) edge(2,9) edge(1,14) edge(1,19) edge(0,27) edge(0,9) edge(0,10)
Optimization: 9028941
Answer: 38
node(31) node(30) node(29) node(28) node(27) node(26) node(25) node(24) node(23) node(22) node(21) node(20) node(19) node(18) node(17) node(16) node(15) node(14) node(13) node(12) node(11) node(10) node(9) node(8) node(7) node(6) node(5) node(4) node(3) node(2) node(1) node(0) edge(31,28) edge(31,18) edge(30,3) edge(29,12) edge(28,29) edge(28,12) edge(28,19) edge(27,11) edge(22,3) edge(22,26) edge(20,3) edge(20,14) edge(19,26) edge(18,7) edge(18,1) edge(13,27) edge(13,10) edge(13,9) edge(12,11) edge(11,30) edge(10,27) edge(10,9) edge(9,27) edge(7,19) edge(7,28) edge(4,3) edge(3,14) edge(3,26) edge(2,10) edge(2,0) edge(2,9) edge(1,14) edge(1,19) edge(0,27) edge(0,9) edge(0,10)
Optimization: 9024728
Answer: 39
node(31) node(30) node(29) node(28) node(27) node(26) node(25) node(24) node(23) node(22) node(21) node(20) node(19) node(18) node(17) node(16) node(15) node(14) node(13) node(12) node(11) node(10) node(9) node(8) node(7) node(6) node(5) node(4) node(3) node(2) node(1) node(0) edge(31,28) edge(31,18) edge(30,3) edge(29,12) edge(28,29) edge(28,12) edge(28,19) edge(27,11) edge(22,3) edge(22,26) edge(20,3) edge(20,14) edge(19,26) edge(18,7) edge(18,1) edge(14,19) edge(13,27) edge(13,10) edge(13,9) edge(12,11) edge(11,30) edge(10,27) edge(10,9) edge(9,27) edge(7,19) edge(7,28) edge(4,3) edge(3,14) edge(3,26) edge(2,10) edge(2,0) edge(2,9) edge(1,14) edge(1,19) edge(0,27) edge(0,9) edge(0,10)
Optimization: 9024668
Answer: 40
node(31) node(30) node(29) node(28) node(27) node(26) node(25) node(24) node(23) node(22) node(21) node(20) node(19) node(18) node(17) node(16) node(15) node(14) node(13) node(12) node(11) node(10) node(9) node(8) node(7) node(6) node(5) node(4) node(3) node(2) node(1) node(0) edge(31,28) edge(31,18) edge(29,12) edge(28,29) edge(28,12) edge(28,19) edge(27,11) edge(26,14) edge(22,3) edge(22,26) edge(20,3) edge(20,14) edge(19,26) edge(18,7) edge(18,1) edge(13,27) edge(13,10) edge(13,9) edge(12,11) edge(11,30) edge(10,27) edge(10,9) edge(9,27) edge(7,19) edge(7,28) edge(4,3) edge(3,14) edge(3,26) edge(2,10) edge(2,0) edge(2,9) edge(1,14) edge(1,19) edge(0,27) edge(0,9) edge(0,10)
Optimization: 9023842
Answer: 41
node(31) node(30) node(29) node(28) node(27) node(26) node(25) node(24) node(23) node(22) node(21) node(20) node(19) node(18) node(17) node(16) node(15) node(14) node(13) node(12) node(11) node(10) node(9) node(8) node(7) node(6) node(5) node(4) node(3) node(2) node(1) node(0) edge(31,28) edge(31,18) edge(30,3) edge(29,12) edge(28,29) edge(28,12) edge(28,19) edge(27,11) edge(26,14) edge(22,3) edge(22,26) edge(20,3) edge(20,14) edge(19,26) edge(18,7) edge(18,1) edge(13,27) edge(13,10) edge(13,9) edge(12,11) edge(11,30) edge(10,27) edge(10,9) edge(9,27) edge(7,19) edge(7,28) edge(4,3) edge(3,14) edge(3,26) edge(2,10) edge(2,0) edge(2,9) edge(1,14) edge(1,19) edge(0,27) edge(0,9) edge(0,10)
Optimization: 9022275
Answer: 42
node(31) node(30) node(29) node(28) node(27) node(26) node(25) node(24) node(23) node(22) node(21) node(20) node(19) node(18) node(17) node(16) node(15) node(14) node(13) node(12) node(11) node(10) node(9) node(8) node(7) node(6) node(5) node(4) node(3) node(2) node(1) node(0) edge(31,28) edge(31,18) edge(30,22) edge(29,12) edge(28,29) edge(28,12) edge(28,19) edge(27,11) edge(26,14) edge(26,20) edge(22,3) edge(22,26) edge(20,4) edge(19,26) edge(18,7) edge(18,1) edge(14,20) edge(13,27) edge(13,10) edge(13,9) edge(12,11) edge(11,30) edge(10,27) edge(10,9) edge(9,27) edge(7,19) edge(7,28) edge(3,14) edge(3,20) edge(2,10) edge(2,0) edge(2,9) edge(1,14) edge(1,19) edge(0,27) edge(0,9) edge(0,10)
Optimization: 9014538
Answer: 43
node(31) node(30) node(29) node(28) node(27) node(26) node(25) node(24) node(23) node(22) node(21) node(20) node(19) node(18) node(17) node(16) node(15) node(14) node(13) node(12) node(11) node(10) node(9) node(8) node(7) node(6) node(5) node(4) node(3) node(2) node(1) node(0) edge(31,28) edge(31,18) edge(30,22) edge(29,28) edge(29,12) edge(27,9) edge(22,3) edge(22,26) edge(20,26) edge(19,28) edge(19,4) edge(18,7) edge(18,1) edge(14,20) edge(13,27) edge(13,0) edge(13,9) edge(12,11) edge(12,31) edge(11,30) edge(10,27) edge(10,9) edge(9,11) edge(7,19) edge(7,28) edge(4,3) edge(3,14) edge(3,20) edge(2,10) edge(2,0) edge(2,9) edge(1,19) edge(0,27) edge(0,9) edge(0,10)
Optimization: 9010887
Answer: 44
node(31) node(30) node(29) node(28) node(27) node(26) node(25) node(24) node(23) node(22) node(21) node(20) node(19) node(18) node(17) node(16) node(15) node(14) node(13) node(12) node(11) node(10) node(9) node(8) node(7) node(6) node(5) node(4) node(3) node(2) node(1) node(0) edge(31,28) edge(31,18) edge(30,22) edge(29,28) edge(29,12) edge(27,9) edge(22,3) edge(22,26) edge(20,4) edge(20,26) edge(19,28) edge(19,4) edge(18,7) edge(18,1) edge(14,1) edge(14,19) edge(13,27) edge(13,0) edge(13,9) edge(12,11) edge(12,31) edge(11,30) edge(10,27) edge(10,9) edge(9,11) edge(7,19) edge(7,28) edge(3,14) edge(3,20) edge(2,10) edge(2,0) edge(2,9) edge(1,19) edge(0,27) edge(0,9) edge(0,10)
Optimization: 9010719
Answer: 45
node(31) node(30) node(29) node(28) node(27) node(26) node(25) node(24) node(23) node(22) node(21) node(20) node(19) node(18) node(17) node(16) node(15) node(14) node(13) node(12) node(11) node(10) node(9) node(8) node(7) node(6) node(5) node(4) node(3) node(2) node(1) node(0) edge(31,28) edge(31,18) edge(30,20) edge(29,28) edge(29,12) edge(28,0) edge(27,9) edge(26,18) edge(26,20) edge(22,3) edge(22,26) edge(20,4) edge(19,28) edge(19,4) edge(18,7) edge(18,1) edge(14,20) edge(13,27) edge(13,10) edge(13,0) edge(12,11) edge(12,31) edge(11,30) edge(10,27) edge(10,9) edge(9,11) edge(7,19) edge(7,28) edge(3,14) edge(3,20) edge(2,10) edge(2,0) edge(2,9) edge(1,14) edge(1,19) edge(0,27) edge(0,9) edge(0,10)
Optimization: 9007354
Answer: 46
node(31) node(30) node(29) node(28) node(27) node(26) node(25) node(24) node(23) node(22) node(21) node(20) node(19) node(18) node(17) node(16) node(15) node(14) node(13) node(12) node(11) node(10) node(9) node(8) node(7) node(6) node(5) node(4) node(3) node(2) node(1) node(0) edge(31,28) edge(31,18) edge(30,20) edge(29,28) edge(29,12) edge(28,0) edge(27,9) edge(26,14) edge(26,20) edge(22,3) edge(22,26) edge(20,4) edge(19,26) edge(18,7) edge(18,1) edge(13,27) edge(13,10) edge(13,0) edge(12,11) edge(12,31) edge(11,30) edge(10,27) edge(10,9) edge(9,11) edge(7,19) edge(7,28) edge(3,14) edge(3,20) edge(2,10) edge(2,0) edge(2,9) edge(1,14) edge(1,19) edge(0,27) edge(0,9) edge(0,10)
Optimization: 9007158
Answer: 47
node(31) node(30) node(29) node(28) node(27) node(26) node(25) node(24) node(23) node(22) node(21) node(20) node(19) node(18) node(17) node(16) node(15) node(14) node(13) node(12) node(11) node(10) node(9) node(8) node(7) node(6) node(5) node(4) node(3) node(2) node(1) node(0) edge(31,28) edge(31,18) edge(30,3) edge(29,28) edge(29,12) edge(28,0) edge(27,9) edge(26,14) edge(26,20) edge(22,3) edge(22,26) edge(20,4) edge(19,26) edge(18,7) edge(18,1) edge(13,27) edge(13,10) edge(13,0) edge(12,11) edge(12,31) edge(11,30) edge(10,27) edge(10,9) edge(9,11) edge(7,19) edge(7,28) edge(3,14) edge(3,20) edge(2,10) edge(2,0) edge(2,9) edge(1,14) edge(1,19) edge(0,27) edge(0,9) edge(0,10)
Optimization: 9007068
Answer: 48
node(31) node(30) node(29) node(28) node(27) node(26) node(25) node(24) node(23) node(22) node(21) node(20) node(19) node(18) node(17) node(16) node(15) node(14) node(13) node(12) node(11) node(10) node(9) node(8) node(7) node(6) node(5) node(4) node(3) node(2) node(1) node(0) edge(31,28) edge(31,18) edge(30,20) edge(29,28) edge(29,12) edge(28,19) edge(27,9) edge(26,14) edge(26,20) edge(22,3) edge(22,26) edge(20,4) edge(19,26) edge(18,7) edge(18,1) edge(14,20) edge(13,27) edge(13,10) edge(13,0) edge(12,11) edge(12,31) edge(11,30) edge(10,27) edge(10,9) edge(9,11) edge(7,19) edge(7,28) edge(3,14) edge(3,20) edge(2,10) edge(2,0) edge(2,9) edge(1,14) edge(1,19) edge(0,27) edge(0,9) edge(0,10)
Optimization: 9004437
Answer: 49
node(31) node(30) node(29) node(28) node(27) node(26) node(25) node(24) node(23) node(22) node(21) node(20) node(19) node(18) node(17) node(16) node(15) node(14) node(13) node(12) node(11) node(10) node(9) node(8) node(7) node(6) node(5) node(4) node(3) node(2) node(1) node(0) edge(31,28) edge(31,18) edge(30,3) edge(29,28) edge(29,12) edge(28,1) edge(27,9) edge(26,14) edge(26,20) edge(22,3) edge(22,26) edge(20,4) edge(19,26) edge(18,7) edge(18,1) edge(14,20) edge(13,27) edge(13,10) edge(13,0) edge(12,11) edge(12,31) edge(11,30) edge(10,27) edge(10,9) edge(9,11) edge(7,19) edge(7,28) edge(3,14) edge(3,20) edge(2,10) edge(2,0) edge(2,9) edge(1,14) edge(1,19) edge(0,27) edge(0,9) edge(0,10)
Optimization: 9004403
Answer: 50
node(31) node(30) node(29) node(28) node(27) node(26) node(25) node(24) node(23) node(22) node(21) node(20) node(19) node(18) node(17) node(16) node(15) node(14) node(13) node(12) node(11) node(10) node(9) node(8) node(7) node(6) node(5) node(4) node(3) node(2) node(1) node(0) edge(31,28) edge(31,18) edge(30,3) edge(29,28) edge(29,12) edge(28,19) edge(27,9) edge(26,14) edge(26,20) edge(22,3) edge(22,26) edge(20,4) edge(19,26) edge(18,7) edge(18,1) edge(14,20) edge(13,27) edge(13,10) edge(13,0) edge(12,11) edge(12,31) edge(11,30) edge(10,27) edge(10,9) edge(9,11) edge(7,19) edge(7,28) edge(3,14) edge(3,20) edge(2,10) edge(2,0) edge(2,9) edge(1,14) edge(1,19) edge(0,27) edge(0,9) edge(0,10)
Optimization: 9004347
Answer: 51
node(31) node(30) node(29) node(28) node(27) node(26) node(25) node(24) node(23) node(22) node(21) node(20) node(19) node(18) node(17) node(16) node(15) node(14) node(13) node(12) node(11) node(10) node(9) node(8) node(7) node(6) node(5) node(4) node(3) node(2) node(1) node(0) edge(31,28) edge(31,18) edge(30,20) edge(29,28) edge(29,12) edge(28,19) edge(27,9) edge(22,3) edge(22,26) edge(20,26) edge(19,26) edge(18,7) edge(18,1) edge(13,27) edge(13,10) edge(13,0) edge(12,11) edge(12,31) edge(11,30) edge(10,27) edge(10,9) edge(9,11) edge(7,19) edge(7,28) edge(4,3) edge(3,14) edge(3,20) edge(2,10) edge(2,0) edge(2,9) edge(1,14) edge(1,19) edge(0,27) edge(0,9) edge(0,10)
Optimization: 9001685
Answer: 52
node(31) node(30) node(29) node(28) node(27) node(26) node(25) node(24) node(23) node(22) node(21) node(20) node(19) node(18) node(17) node(16) node(15) node(14) node(13) node(12) node(11) node(10) node(9) node(8) node(7) node(6) node(5) node(4) node(3) node(2) node(1) node(0) edge(31,28) edge(31,18) edge(30,20) edge(29,28) edge(29,12) edge(28,19) edge(27,9) edge(26,18) edge(26,14) edge(22,3) edge(22,26) edge(20,26) edge(19,4) edge(18,7) edge(18,1) edge(13,27) edge(13,10) edge(13,0) edge(12,11) edge(12,31) edge(11,30) edge(10,27) edge(10,9) edge(9,11) edge(7,19) edge(7,28) edge(3,14) edge(3,20) edge(2,10) edge(2,0) edge(2,9) edge(1,14) edge(1,19) edge(0,27) edge(0,9) edge(0,10)
Optimization: 9001390
Answer: 53
node(31) node(30) node(29) node(28) node(27) node(26) node(25) node(24) node(23) node(22) node(21) node(20) node(19) node(18) node(17) node(16) node(15) node(14) node(13) node(12) node(11) node(10) node(9) node(8) node(7) node(6) node(5) node(4) node(3) node(2) node(1) node(0) edge(31,28) edge(31,18) edge(30,20) edge(29,28) edge(29,12) edge(28,1) edge(27,9) edge(22,3) edge(22,26) edge(20,4) edge(20,26) edge(19,26) edge(18,7) edge(18,1) edge(13,27) edge(13,10) edge(13,0) edge(12,11) edge(12,31) edge(11,30) edge(10,27) edge(10,9) edge(9,11) edge(7,19) edge(7,28) edge(4,1) edge(3,14) edge(3,20) edge(2,10) edge(2,0) edge(2,9) edge(1,14) edge(1,19) edge(0,27) edge(0,9) edge(0,10)
Optimization: 9001207
Answer: 54
node(31) node(30) node(29) node(28) node(27) node(26) node(25) node(24) node(23) node(22) node(21) node(20) node(19) node(18) node(17) node(16) node(15) node(14) node(13) node(12) node(11) node(10) node(9) node(8) node(7) node(6) node(5) node(4) node(3) node(2) node(1) node(0) edge(31,28) edge(31,18) edge(30,3) edge(29,28) edge(29,12) edge(28,1) edge(27,9) edge(22,3) edge(22,26) edge(20,4) edge(20,26) edge(19,26) edge(18,7) edge(18,1) edge(13,27) edge(13,10) edge(13,0) edge(12,11) edge(12,31) edge(11,30) edge(10,27) edge(10,9) edge(9,11) edge(7,19) edge(7,28) edge(4,1) edge(3,14) edge(3,20) edge(2,10) edge(2,0) edge(2,9) edge(1,14) edge(1,19) edge(0,27) edge(0,9) edge(0,10)
Optimization: 9001117
Answer: 55
node(31) node(30) node(29) node(28) node(27) node(26) node(25) node(24) node(23) node(22) node(21) node(20) node(19) node(18) node(17) node(16) node(15) node(14) node(13) node(12) node(11) node(10) node(9) node(8) node(7) node(6) node(5) node(4) node(3) node(2) node(1) node(0) edge(31,28) edge(31,18) edge(30,3) edge(29,28) edge(29,12) edge(27,9) edge(26,14) edge(22,3) edge(22,26) edge(20,4) edge(20,26) edge(19,26) edge(19,28) edge(18,7) edge(18,1) edge(13,27) edge(13,10) edge(13,0) edge(12,11) edge(12,31) edge(11,30) edge(10,27) edge(10,9) edge(9,11) edge(7,19) edge(7,28) edge(4,1) edge(3,14) edge(3,20) edge(2,10) edge(2,0) edge(2,9) edge(1,14) edge(1,19) edge(0,27) edge(0,9) edge(0,10)
Optimization: 9000106
Answer: 56
node(31) node(30) node(29) node(28) node(27) node(26) node(25) node(24) node(23) node(22) node(21) node(20) node(19) node(18) node(17) node(16) node(15) node(14) node(13) node(12) node(11) node(10) node(9) node(8) node(7) node(6) node(5) node(4) node(3) node(2) node(1) node(0) edge(31,28) edge(31,18) edge(30,3) edge(29,28) edge(29,12) edge(28,19) edge(27,9) edge(26,18) edge(26,14) edge(22,3) edge(22,26) edge(20,4) edge(20,26) edge(19,4) edge(18,7) edge(18,1) edge(14,19) edge(13,10) edge(13,0) edge(13,9) edge(12,11) edge(12,31) edge(11,30) edge(10,27) edge(10,9) edge(9,11) edge(7,19) edge(7,28) edge(3,14) edge(3,20) edge(2,10) edge(2,0) edge(2,9) edge(1,14) edge(1,19) edge(0,27) edge(0,9) edge(0,10)
Optimization: 8999404
Answer: 57
node(31) node(30) node(29) node(28) node(27) node(26) node(25) node(24) node(23) node(22) node(21) node(20) node(19) node(18) node(17) node(16) node(15) node(14) node(13) node(12) node(11) node(10) node(9) node(8) node(7) node(6) node(5) node(4) node(3) node(2) node(1) node(0) edge(31,28) edge(31,18) edge(30,3) edge(29,28) edge(29,12) edge(28,19) edge(27,9) edge(26,14) edge(22,3) edge(22,26) edge(20,26) edge(19,26) edge(18,7) edge(18,1) edge(13,10) edge(13,0) edge(13,9) edge(12,11) edge(12,31) edge(11,30) edge(10,27) edge(10,9) edge(9,11) edge(7,19) edge(7,28) edge(4,3) edge(3,14) edge(3,20) edge(2,10) edge(2,0) edge(2,9) edge(1,14) edge(1,19) edge(0,27) edge(0,9) edge(0,10)
Optimization: 8999142
Answer: 58
node(31) node(30) node(29) node(28) node(27) node(26) node(25) node(24) node(23) node(22) node(21) node(20) node(19) node(18) node(17) node(16) node(15) node(14) node(13) node(12) node(11) node(10) node(9) node(8) node(7) node(6) node(5) node(4) node(3) node(2) node(1) node(0) edge(31,28) edge(31,18) edge(30,3) edge(29,28) edge(29,12) edge(28,19) edge(27,9) edge(26,14) edge(22,3) edge(22,26) edge(20,4) edge(20,26) edge(19,26) edge(18,7) edge(18,1) edge(13,10) edge(13,0) edge(13,9) edge(12,11) edge(12,31) edge(11,30) edge(10,27) edge(10,9) edge(9,11) edge(7,19) edge(7,28) edge(4,1) edge(3,14) edge(3,20) edge(2,10) edge(2,0) edge(2,9) edge(1,14) edge(1,19) edge(0,27) edge(0,9) edge(0,10)
Optimization: 8998608
Answer: 59
node(31) node(30) node(29) node(28) node(27) node(26) node(25) node(24) node(23) node(22) node(21) node(20) node(19) node(18) node(17) node(16) node(15) node(14) node(13) node(12) node(11) node(10) node(9) node(8) node(7) node(6) node(5) node(4) node(3) node(2) node(1) node(0) edge(31,28) edge(31,18) edge(30,3) edge(29,28) edge(29,12) edge(28,19) edge(27,9) edge(26,14) edge(22,3) edge(22,26) edge(20,4) edge(20,26) edge(19,26) edge(18,7) edge(18,1) edge(13,10) edge(13,0) edge(13,9) edge(12,11) edge(12,31) edge(11,30) edge(10,27) edge(10,9) edge(9,11) edge(7,19) edge(7,28) edge(4,19) edge(4,18) edge(3,14) edge(3,20) edge(2,10) edge(2,0) edge(2,9) edge(1,14) edge(1,19) edge(0,27) edge(0,9) edge(0,10)
Optimization: 8998578
Answer: 60
node(31) node(30) node(29) node(28) node(27) node(26) node(25) node(24) node(23) node(22) node(21) node(20) node(19) node(18) node(17) node(16) node(15) node(14) node(13) node(12) node(11) node(10) node(9) node(8) node(7) node(6) node(5) node(4) node(3) node(2) node(1) node(0) edge(31,0) edge(30,29) edge(29,28) edge(29,12) edge(28,31) edge(28,19) edge(28,7) edge(27,0) edge(27,13) edge(27,9) edge(26,18) edge(26,14) edge(26,22) edge(22,13) edge(20,4) edge(20,22) edge(19,14) edge(18,7) edge(18,1) edge(14,22) edge(13,2) edge(13,9) edge(12,11) edge(12,31) edge(10,27) edge(10,9) edge(10,0) edge(9,11) edge(7,19) edge(7,31) edge(4,19) edge(4,22) edge(3,14) edge(3,20) edge(2,9) edge(1,14) edge(1,19) edge(0,9) edge(0,13) edge(0,2)
Optimization: 8986988
Answer: 61
node(31) node(30) node(29) node(28) node(27) node(26) node(25) node(24) node(23) node(22) node(21) node(20) node(19) node(18) node(17) node(16) node(15) node(14) node(13) node(12) node(11) node(10) node(9) node(8) node(7) node(6) node(5) node(4) node(3) node(2) node(1) node(0) edge(30,29) edge(29,28) edge(29,12) edge(28,31) edge(28,19) edge(28,7) edge(27,0) edge(27,2) edge(27,9) edge(26,14) edge(22,26) edge(20,4) edge(20,22) edge(19,26) edge(18,7) edge(18,1) edge(13,2) edge(13,9) edge(12,11) edge(12,31) edge(10,27) edge(10,9) edge(10,0) edge(9,30) edge(7,19) edge(7,31) edge(3,14) edge(3,20) edge(2,9) edge(1,14) edge(1,19) edge(0,9) edge(0,13) edge(0,2)
Optimization: 8983148
Answer: 62
node(31) node(30) node(29) node(28) node(27) node(26) node(25) node(24) node(23) node(22) node(21) node(20) node(19) node(18) node(17) node(16) node(15) node(14) node(13) node(12) node(11) node(10) node(9) node(8) node(7) node(6) node(5) node(4) node(3) node(2) node(1) node(0) edge(31,12) edge(31,11) edge(30,29) edge(29,28) edge(29,12) edge(28,31) edge(28,19) edge(28,7) edge(27,0) edge(27,2) edge(27,9) edge(26,14) edge(22,26) edge(20,4) edge(20,22) edge(19,26) edge(18,7) edge(18,1) edge(13,2) edge(13,9) edge(12,11) edge(10,27) edge(10,9) edge(10,0) edge(9,30) edge(7,19) edge(7,31) edge(4,19) edge(4,22) edge(3,14) edge(3,20) edge(2,9) edge(1,14) edge(1,19) edge(0,9) edge(0,13) edge(0,2)
Optimization: 8982381
Answer: 63
node(31) node(30) node(29) node(28) node(27) node(26) node(25) node(24) node(23) node(22) node(21) node(20) node(19) node(18) node(17) node(16) node(15) node(14) node(13) node(12) node(11) node(10) node(9) node(8) node(7) node(6) node(5) node(4) node(3) node(2) node(1) node(0) edge(30,29) edge(29,28) edge(29,12) edge(28,31) edge(28,19) edge(28,7) edge(27,0) edge(27,13) edge(27,9) edge(26,14) edge(22,26) edge(20,4) edge(20,22) edge(19,26) edge(18,7) edge(18,1) edge(13,2) edge(13,9) edge(12,11) edge(12,31) edge(10,27) edge(10,9) edge(10,0) edge(9,30) edge(7,19) edge(7,31) edge(4,1) edge(4,22) edge(3,14) edge(3,20) edge(2,9) edge(1,14) edge(1,19) edge(0,9) edge(0,13) edge(0,2)
Optimization: 8982002
Answer: 64
node(31) node(30) node(29) node(28) node(27) node(26) node(25) node(24) node(23) node(22) node(21) node(20) node(19) node(18) node(17) node(16) node(15) node(14) node(13) node(12) node(11) node(10) node(9) node(8) node(7) node(6) node(5) node(4) node(3) node(2) node(1) node(0) edge(30,29) edge(29,28) edge(29,12) edge(28,31) edge(28,19) edge(28,7) edge(27,0) edge(27,2) edge(27,9) edge(26,14) edge(22,26) edge(20,4) edge(20,22) edge(19,26) edge(18,7) edge(18,1) edge(13,2) edge(13,9) edge(12,11) edge(12,31) edge(10,27) edge(10,9) edge(10,0) edge(9,30) edge(7,19) edge(7,31) edge(4,19) edge(4,22) edge(3,14) edge(3,20) edge(2,9) edge(1,14) edge(1,19) edge(0,9) edge(0,13) edge(0,2)
Optimization: 8981975
Answer: 65
node(31) node(30) node(29) node(28) node(27) node(26) node(25) node(24) node(23) node(22) node(21) node(20) node(19) node(18) node(17) node(16) node(15) node(14) node(13) node(12) node(11) node(10) node(9) node(8) node(7) node(6) node(5) node(4) node(3) node(2) node(1) node(0) edge(30,29) edge(29,28) edge(29,12) edge(28,31) edge(28,19) edge(28,7) edge(27,0) edge(27,2) edge(27,9) edge(26,14) edge(26,22) edge(20,4) edge(20,22) edge(19,26) edge(19,18) edge(18,26) edge(13,2) edge(13,9) edge(12,11) edge(12,31) edge(10,27) edge(10,9) edge(10,0) edge(9,30) edge(7,19) edge(7,31) edge(4,19) edge(4,22) edge(3,14) edge(3,20) edge(2,9) edge(1,14) edge(1,19) edge(0,9) edge(0,13) edge(0,2)
Optimization: 8981890
Answer: 66
node(31) node(30) node(29) node(28) node(27) node(26) node(25) node(24) node(23) node(22) node(21) node(20) node(19) node(18) node(17) node(16) node(15) node(14) node(13) node(12) node(11) node(10) node(9) node(8) node(7) node(6) node(5) node(4) node(3) node(2) node(1) node(0) edge(30,29) edge(29,28) edge(29,12) edge(28,31) edge(28,19) edge(28,7) edge(27,0) edge(27,2) edge(27,9) edge(26,14) edge(26,22) edge(22,14) edge(20,4) edge(20,22) edge(19,26) edge(19,18) edge(18,26) edge(13,2) edge(13,9) edge(12,11) edge(12,31) edge(10,27) edge(10,9) edge(10,0) edge(9,30) edge(7,19) edge(7,31) edge(4,19) edge(4,22) edge(3,14) edge(3,20) edge(2,9) edge(1,14) edge(1,19) edge(0,9) edge(0,13) edge(0,2)
Optimization: 8981490
Answer: 67
node(31) node(30) node(29) node(28) node(27) node(26) node(25) node(24) node(23) node(22) node(21) node(20) node(19) node(18) node(17) node(16) node(15) node(14) node(13) node(12) node(11) node(10) node(9) node(8) node(7) node(6) node(5) node(4) node(3) node(2) node(1) node(0) edge(30,29) edge(29,28) edge(29,12) edge(28,31) edge(28,19) edge(28,7) edge(27,0) edge(27,2) edge(27,9) edge(22,26) edge(20,4) edge(20,22) edge(19,18) edge(19,4) edge(14,1) edge(14,19) edge(13,2) edge(13,9) edge(12,11) edge(12,31) edge(10,27) edge(10,9) edge(10,0) edge(9,30) edge(7,19) edge(7,31) edge(3,14) edge(3,20) edge(2,9) edge(1,19) edge(0,9) edge(0,13) edge(0,2)
Optimization: 8967041
Answer: 68
node(31) node(30) node(29) node(28) node(27) node(26) node(25) node(24) node(23) node(22) node(21) node(20) node(19) node(18) node(17) node(16) node(15) node(14) node(13) node(12) node(11) node(10) node(9) node(8) node(7) node(6) node(5) node(4) node(3) node(2) node(1) node(0) edge(31,12) edge(31,11) edge(30,29) edge(29,28) edge(29,12) edge(28,31) edge(28,19) edge(28,7) edge(27,0) edge(27,2) edge(27,9) edge(22,26) edge(20,4) edge(20,22) edge(19,18) edge(19,4) edge(14,20) edge(13,2) edge(13,9) edge(12,11) edge(10,27) edge(10,9) edge(10,0) edge(9,30) edge(7,19) edge(7,31) edge(3,14) edge(3,20) edge(2,9) edge(1,14) edge(1,19) edge(0,9) edge(0,13) edge(0,2)
Optimization: 8960623
Answer: 69
node(31) node(30) node(29) node(28) node(27) node(26) node(25) node(24) node(23) node(22) node(21) node(20) node(19) node(18) node(17) node(16) node(15) node(14) node(13) node(12) node(11) node(10) node(9) node(8) node(7) node(6) node(5) node(4) node(3) node(2) node(1) node(0) edge(31,28) edge(31,18) edge(30,29) edge(29,12) edge(28,29) edge(28,12) edge(28,18) edge(27,0) edge(27,10) edge(26,18) edge(26,14) edge(26,22) edge(22,4) edge(20,4) edge(20,22) edge(19,18) edge(19,4) edge(14,1) edge(14,19) edge(13,27) edge(13,0) edge(13,9) edge(12,11) edge(10,0) edge(9,0) edge(9,27) edge(9,10) edge(7,19) edge(7,28) edge(3,14) edge(3,20) edge(2,10) edge(2,9) edge(2,13) edge(1,19) edge(0,11)
Optimization: 8959375
Answer: 70
node(31) node(30) node(29) node(28) node(27) node(26) node(25) node(24) node(23) node(22) node(21) node(20) node(19) node(18) node(17) node(16) node(15) node(14) node(13) node(12) node(11) node(10) node(9) node(8) node(7) node(6) node(5) node(4) node(3) node(2) node(1) node(0) edge(31,28) edge(31,18) edge(30,29) edge(29,12) edge(28,29) edge(28,12) edge(28,18) edge(27,0) edge(27,10) edge(26,18) edge(26,14) edge(26,22) edge(22,4) edge(20,4) edge(20,22) edge(19,18) edge(19,4) edge(18,4) edge(14,1) edge(14,19) edge(13,27) edge(13,0) edge(13,9) edge(12,11) edge(10,0) edge(9,0) edge(9,27) edge(9,10) edge(7,19) edge(7,28) edge(3,14) edge(3,20) edge(2,10) edge(2,9) edge(2,13) edge(1,19) edge(0,11)
Optimization: 8958764
Answer: 71
node(31) node(30) node(29) node(28) node(27) node(26) node(25) node(24) node(23) node(22) node(21) node(20) node(19) node(18) node(17) node(16) node(15) node(14) node(13) node(12) node(11) node(10) node(9) node(8) node(7) node(6) node(5) node(4) node(3) node(2) node(1) node(0) edge(31,28) edge(31,18) edge(30,3) edge(29,12) edge(28,29) edge(28,12) edge(28,18) edge(27,0) edge(27,10) edge(26,18) edge(26,14) edge(26,22) edge(22,4) edge(20,4) edge(20,22) edge(19,18) edge(19,4) edge(18,4) edge(14,1) edge(14,19) edge(13,27) edge(13,0) edge(13,9) edge(12,11) edge(11,30) edge(10,0) edge(9,0) edge(9,27) edge(9,10) edge(7,19) edge(7,28) edge(3,14) edge(3,20) edge(2,10) edge(2,9) edge(2,13) edge(1,19) edge(0,11)
Optimization: 8958398
Answer: 72
node(31) node(30) node(29) node(28) node(27) node(26) node(25) node(24) node(23) node(22) node(21) node(20) node(19) node(18) node(17) node(16) node(15) node(14) node(13) node(12) node(11) node(10) node(9) node(8) node(7) node(6) node(5) node(4) node(3) node(2) node(1) node(0) edge(31,28) edge(31,18) edge(30,3) edge(29,12) edge(28,29) edge(28,12) edge(28,18) edge(27,0) edge(27,10) edge(22,26) edge(20,4) edge(20,22) edge(19,18) edge(19,4) edge(18,26) edge(14,1) edge(14,19) edge(13,27) edge(13,0) edge(13,9) edge(12,11) edge(11,30) edge(10,0) edge(9,0) edge(9,27) edge(9,10) edge(7,19) edge(7,28) edge(4,22) edge(3,14) edge(3,20) edge(2,10) edge(2,9) edge(2,13) edge(1,19) edge(0,11)
Optimization: 8932830
Answer: 73
node(31) node(30) node(29) node(28) node(27) node(26) node(25) node(24) node(23) node(22) node(21) node(20) node(19) node(18) node(17) node(16) node(15) node(14) node(13) node(12) node(11) node(10) node(9) node(8) node(7) node(6) node(5) node(4) node(3) node(2) node(1) node(0) edge(31,28) edge(31,18) edge(30,3) edge(29,28) edge(29,12) edge(27,0) edge(27,10) edge(22,26) edge(20,4) edge(20,22) edge(19,18) edge(19,4) edge(18,28) edge(18,26) edge(14,1) edge(14,19) edge(13,27) edge(13,0) edge(13,9) edge(12,11) edge(12,31) edge(11,30) edge(10,0) edge(9,0) edge(9,27) edge(9,10) edge(7,19) edge(7,28) edge(3,14) edge(3,20) edge(2,10) edge(2,9) edge(2,13) edge(1,19) edge(0,11)
Optimization: 8925237
Answer: 74
node(31) node(30) node(29) node(28) node(27) node(26) node(25) node(24) node(23) node(22) node(21) node(20) node(19) node(18) node(17) node(16) node(15) node(14) node(13) node(12) node(11) node(10) node(9) node(8) node(7) node(6) node(5) node(4) node(3) node(2) node(1) node(0) edge(31,28) edge(31,18) edge(30,3) edge(29,28) edge(29,12) edge(28,18) edge(27,0) edge(27,10) edge(22,26) edge(20,4) edge(20,22) edge(19,18) edge(19,4) edge(18,26) edge(14,1) edge(14,19) edge(13,27) edge(13,0) edge(13,9) edge(12,11) edge(12,31) edge(11,30) edge(10,0) edge(9,0) edge(9,27) edge(9,10) edge(7,19) edge(7,28) edge(4,22) edge(3,14) edge(3,20) edge(2,10) edge(2,9) edge(2,13) edge(1,19) edge(0,11)
Optimization: 8923225
Answer: 75
node(31) node(30) node(29) node(28) node(27) node(26) node(25) node(24) node(23) node(22) node(21) node(20) node(19) node(18) node(17) node(16) node(15) node(14) node(13) node(12) node(11) node(10) node(9) node(8) node(7) node(6) node(5) node(4) node(3) node(2) node(1) node(0) edge(31,0) edge(30,3) edge(29,28) edge(29,12) edge(28,31) edge(28,19) edge(28,7) edge(27,0) edge(27,10) edge(27,9) edge(22,26) edge(20,4) edge(20,22) edge(19,18) edge(19,4) edge(18,26) edge(14,20) edge(13,27) edge(13,10) edge(13,0) edge(12,11) edge(12,31) edge(11,30) edge(10,0) edge(9,0) edge(9,10) edge(7,19) edge(7,31) edge(4,22) edge(3,14) edge(3,20) edge(2,27) edge(2,10) edge(2,0) edge(1,14) edge(1,19) edge(0,11)
Optimization: 8918695
Answer: 76
node(31) node(30) node(29) node(28) node(27) node(26) node(25) node(24) node(23) node(22) node(21) node(20) node(19) node(18) node(17) node(16) node(15) node(14) node(13) node(12) node(11) node(10) node(9) node(8) node(7) node(6) node(5) node(4) node(3) node(2) node(1) node(0) edge(31,0) edge(30,3) edge(29,28) edge(29,12) edge(28,31) edge(28,19) edge(28,7) edge(27,0) edge(27,10) edge(27,9) edge(26,14) edge(22,26) edge(20,4) edge(20,22) edge(19,18) edge(19,4) edge(18,26) edge(13,27) edge(13,10) edge(13,0) edge(12,11) edge(12,31) edge(11,30) edge(10,0) edge(9,0) edge(9,10) edge(7,19) edge(7,31) edge(4,22) edge(3,14) edge(3,20) edge(2,27) edge(2,10) edge(2,0) edge(1,14) edge(1,19) edge(0,11)
Optimization: 8916604
Answer: 77
node(31) node(30) node(29) node(28) node(27) node(26) node(25) node(24) node(23) node(22) node(21) node(20) node(19) node(18) node(17) node(16) node(15) node(14) node(13) node(12) node(11) node(10) node(9) node(8) node(7) node(6) node(5) node(4) node(3) node(2) node(1) node(0) edge(31,28) edge(31,18) edge(30,3) edge(29,28) edge(29,12) edge(27,11) edge(22,26) edge(20,4) edge(20,22) edge(19,18) edge(19,4) edge(18,28) edge(18,26) edge(14,20) edge(13,27) edge(12,11) edge(12,31) edge(11,30) edge(10,27) edge(10,9) edge(10,0) edge(9,27) edge(9,13) edge(7,19) edge(7,28) edge(3,14) edge(3,20) edge(2,27) edge(2,10) edge(2,0) edge(1,14) edge(1,19) edge(0,27) edge(0,9) edge(0,13)
Optimization: 8915028
Answer: 78
node(31) node(30) node(29) node(28) node(27) node(26) node(25) node(24) node(23) node(22) node(21) node(20) node(19) node(18) node(17) node(16) node(15) node(14) node(13) node(12) node(11) node(10) node(9) node(8) node(7) node(6) node(5) node(4) node(3) node(2) node(1) node(0) edge(31,28) edge(31,18) edge(30,3) edge(29,28) edge(29,12) edge(28,0) edge(27,11) edge(22,26) edge(20,4) edge(20,22) edge(19,18) edge(19,4) edge(18,28) edge(18,26) edge(14,20) edge(13,27) edge(12,11) edge(12,31) edge(11,30) edge(10,27) edge(10,9) edge(10,0) edge(9,27) edge(9,13) edge(7,19) edge(7,28) edge(3,14) edge(3,20) edge(2,27) edge(2,10) edge(2,0) edge(1,14) edge(1,19) edge(0,27) edge(0,9) edge(0,13)
Optimization: 8914925
Answer: 79
node(31) node(30) node(29) node(28) node(27) node(26) node(25) node(24) node(23) node(22) node(21) node(20) node(19) node(18) node(17) node(16) node(15) node(14) node(13) node(12) node(11) node(10) node(9) node(8) node(7) node(6) node(5) node(4) node(3) node(2) node(1) node(0) edge(31,28) edge(31,18) edge(30,22) edge(29,28) edge(29,12) edge(27,11) edge(22,26) edge(20,4) edge(20,22) edge(19,18) edge(19,4) edge(18,28) edge(18,26) edge(14,20) edge(13,27) edge(12,11) edge(12,31) edge(11,30) edge(10,27) edge(10,9) edge(10,0) edge(9,27) edge(9,13) edge(7,19) edge(7,28) edge(4,22) edge(3,14) edge(3,20) edge(2,27) edge(2,10) edge(2,0) edge(1,14) edge(1,19) edge(0,27) edge(0,9) edge(0,13)
Optimization: 8914868
Answer: 80
node(31) node(30) node(29) node(28) node(27) node(26) node(25) node(24) node(23) node(22) node(21) node(20) node(19) node(18) node(17) node(16) node(15) node(14) node(13) node(12) node(11) node(10) node(9) node(8) node(7) node(6) node(5) node(4) node(3) node(2) node(1) node(0) edge(31,28) edge(31,18) edge(30,20) edge(29,28) edge(29,12) edge(27,11) edge(22,26) edge(20,4) edge(20,22) edge(19,18) edge(19,4) edge(18,28) edge(18,26) edge(14,20) edge(13,27) edge(12,11) edge(12,31) edge(11,30) edge(10,27) edge(10,9) edge(10,0) edge(9,27) edge(9,13) edge(7,19) edge(7,28) edge(4,22) edge(3,14) edge(3,20) edge(2,27) edge(2,10) edge(2,0) edge(1,14) edge(1,19) edge(0,27) edge(0,9) edge(0,13)
Optimization: 8914512
Answer: 81
node(31) node(30) node(29) node(28) node(27) node(26) node(25) node(24) node(23) node(22) node(21) node(20) node(19) node(18) node(17) node(16) node(15) node(14) node(13) node(12) node(11) node(10) node(9) node(8) node(7) node(6) node(5) node(4) node(3) node(2) node(1) node(0) edge(31,28) edge(31,18) edge(30,20) edge(29,28) edge(29,12) edge(28,13) edge(27,11) edge(22,26) edge(20,4) edge(20,22) edge(19,18) edge(19,4) edge(18,28) edge(18,26) edge(14,20) edge(13,27) edge(12,11) edge(12,31) edge(11,30) edge(10,27) edge(10,9) edge(10,0) edge(9,27) edge(9,13) edge(7,19) edge(7,28) edge(4,22) edge(3,14) edge(3,20) edge(2,27) edge(2,10) edge(2,0) edge(1,14) edge(1,19) edge(0,27) edge(0,9) edge(0,13)
Optimization: 8914409
Answer: 82
node(31) node(30) node(29) node(28) node(27) node(26) node(25) node(24) node(23) node(22) node(21) node(20) node(19) node(18) node(17) node(16) node(15) node(14) node(13) node(12) node(11) node(10) node(9) node(8) node(7) node(6) node(5) node(4) node(3) node(2) node(1) node(0) edge(31,28) edge(31,18) edge(29,28) edge(29,12) edge(27,11) edge(26,14) edge(22,26) edge(20,4) edge(20,22) edge(19,18) edge(19,4) edge(18,28) edge(18,26) edge(13,27) edge(12,11) edge(12,31) edge(11,30) edge(10,27) edge(10,9) edge(10,0) edge(9,27) edge(9,13) edge(7,19) edge(7,28) edge(4,22) edge(3,14) edge(3,20) edge(2,10) edge(2,0) edge(2,9) edge(1,14) edge(1,19) edge(0,27) edge(0,9) edge(0,13)
Optimization: 8913898
Answer: 83
node(31) node(30) node(29) node(28) node(27) node(26) node(25) node(24) node(23) node(22) node(21) node(20) node(19) node(18) node(17) node(16) node(15) node(14) node(13) node(12) node(11) node(10) node(9) node(8) node(7) node(6) node(5) node(4) node(3) node(2) node(1) node(0) edge(31,28) edge(31,18) edge(30,22) edge(29,28) edge(29,12) edge(27,11) edge(26,14) edge(22,26) edge(20,4) edge(20,22) edge(19,18) edge(19,4) edge(18,28) edge(18,26) edge(13,27) edge(12,11) edge(12,31) edge(11,30) edge(10,27) edge(10,9) edge(10,0) edge(9,27) edge(9,13) edge(7,19) edge(7,28) edge(4,22) edge(3,14) edge(3,20) edge(2,10) edge(2,0) edge(2,9) edge(1,14) edge(1,19) edge(0,27) edge(0,9) edge(0,13)
Optimization: 8912777
Answer: 84
node(31) node(30) node(29) node(28) node(27) node(26) node(25) node(24) node(23) node(22) node(21) node(20) node(19) node(18) node(17) node(16) node(15) node(14) node(13) node(12) node(11) node(10) node(9) node(8) node(7) node(6) node(5) node(4) node(3) node(2) node(1) node(0) edge(31,28) edge(31,18) edge(30,20) edge(29,28) edge(29,12) edge(28,13) edge(27,11) edge(26,14) edge(22,26) edge(20,4) edge(20,22) edge(19,18) edge(19,4) edge(18,28) edge(18,26) edge(13,27) edge(12,11) edge(12,31) edge(11,30) edge(10,27) edge(10,9) edge(10,0) edge(9,27) edge(9,13) edge(7,19) edge(7,28) edge(4,22) edge(3,14) edge(3,20) edge(2,10) edge(2,0) edge(2,9) edge(1,14) edge(1,19) edge(0,27) edge(0,9) edge(0,13)
Optimization: 8912318
Answer: 85
node(31) node(30) node(29) node(28) node(27) node(26) node(25) node(24) node(23) node(22) node(21) node(20) node(19) node(18) node(17) node(16) node(15) node(14) node(13) node(12) node(11) node(10) node(9) node(8) node(7) node(6) node(5) node(4) node(3) node(2) node(1) node(0) edge(31,28) edge(31,18) edge(30,3) edge(29,28) edge(29,12) edge(28,13) edge(27,11) edge(26,14) edge(22,26) edge(20,4) edge(20,22) edge(19,18) edge(19,4) edge(18,28) edge(18,26) edge(13,27) edge(12,11) edge(12,31) edge(11,30) edge(10,27) edge(10,9) edge(10,0) edge(9,27) edge(9,13) edge(7,19) edge(7,28) edge(4,22) edge(3,14) edge(3,20) edge(2,10) edge(2,0) edge(2,9) edge(1,14) edge(1,19) edge(0,27) edge(0,9) edge(0,13)
Optimization: 8912228
Answer: 86
node(31) node(30) node(29) node(28) node(27) node(26) node(25) node(24) node(23) node(22) node(21) node(20) node(19) node(18) node(17) node(16) node(15) node(14) node(13) node(12) node(11) node(10) node(9) node(8) node(7) node(6) node(5) node(4) node(3) node(2) node(1) node(0) edge(31,28) edge(31,18) edge(30,20) edge(29,28) edge(29,12) edge(28,18) edge(27,11) edge(26,14) edge(22,26) edge(20,4) edge(20,22) edge(19,18) edge(19,4) edge(18,26) edge(13,27) edge(12,11) edge(12,31) edge(11,30) edge(10,27) edge(10,9) edge(10,0) edge(9,27) edge(9,13) edge(7,19) edge(7,28) edge(4,22) edge(3,14) edge(3,20) edge(2,10) edge(2,0) edge(2,9) edge(1,14) edge(1,19) edge(0,27) edge(0,9) edge(0,13)
Optimization: 8911015
Answer: 87
node(31) node(30) node(29) node(28) node(27) node(26) node(25) node(24) node(23) node(22) node(21) node(20) node(19) node(18) node(17) node(16) node(15) node(14) node(13) node(12) node(11) node(10) node(9) node(8) node(7) node(6) node(5) node(4) node(3) node(2) node(1) node(0) edge(31,28) edge(31,18) edge(30,3) edge(29,28) edge(29,12) edge(28,18) edge(27,11) edge(26,14) edge(22,26) edge(20,4) edge(20,22) edge(19,18) edge(19,4) edge(18,26) edge(13,27) edge(12,11) edge(12,31) edge(11,30) edge(10,27) edge(10,9) edge(10,0) edge(9,27) edge(9,13) edge(7,19) edge(7,28) edge(4,22) edge(3,14) edge(3,20) edge(2,10) edge(2,0) edge(2,9) edge(1,14) edge(1,19) edge(0,27) edge(0,9) edge(0,13)
Optimization: 8910925
Answer: 88
node(31) node(30) node(29) node(28) node(27) node(26) node(25) node(24) node(23) node(22) node(21) node(20) node(19) node(18) node(17) node(16) node(15) node(14) node(13) node(12) node(11) node(10) node(9) node(8) node(7) node(6) node(5) node(4) node(3) node(2) node(1) node(0) edge(31,0) edge(30,3) edge(29,28) edge(29,12) edge(28,31) edge(28,18) edge(27,11) edge(26,14) edge(22,26) edge(20,4) edge(20,22) edge(19,18) edge(19,4) edge(18,26) edge(13,27) edge(12,11) edge(12,31) edge(11,30) edge(10,27) edge(10,9) edge(10,0) edge(9,27) edge(9,13) edge(7,19) edge(7,28) edge(4,22) edge(3,14) edge(3,20) edge(2,10) edge(2,0) edge(2,9) edge(1,14) edge(1,19) edge(0,27) edge(0,9) edge(0,13)
Optimization: 8910398
OPTIMUM FOUND

Models       : 88    
  Optimum    : yes
Optimization : 8910398
Calls        : 1
Time         : 10.102s (Solving: 8.88s 1st Model: 0.00s Unsat: 8.79s)
CPU Time     : 10.090s
